{
  "RSpec": {
    "coverage": {
      "C:/Users/Camilo D/Desktop/carpeta/entrega-02-shary-camilo/spec/controllers/api/v1/hashtag_controller_spec.rb": {
        "lines": [
          1,
          null,
          1,
          1,
          3,
          1,
          1,
          null,
          null,
          2,
          2,
          null,
          1,
          1,
          null,
          1,
          1,
          1,
          null,
          null,
          1,
          3,
          1,
          1,
          null,
          null,
          2,
          2,
          null,
          1,
          1,
          null,
          1,
          1,
          1,
          null,
          null,
          null,
          1,
          3,
          1,
          1,
          null,
          null,
          2,
          2,
          null,
          1,
          1,
          null,
          1,
          1,
          1,
          null,
          null,
          null,
          1,
          1,
          1,
          1,
          null,
          null,
          null,
          2,
          null,
          1,
          1,
          null,
          1,
          1,
          1,
          null,
          null,
          null,
          null,
          null
        ]
      },
      "C:/Users/Camilo D/Desktop/carpeta/entrega-02-shary-camilo/spec/rails_helper.rb": {
        "lines": [
          null,
          1,
          1,
          1,
          null,
          1,
          1,
          null,
          1,
          null,
          null,
          null,
          null,
          null,
          null,
          null,
          null,
          null,
          null,
          null,
          null,
          null,
          null,
          null,
          null,
          null,
          null,
          1,
          null,
          0,
          0,
          null,
          1,
          null,
          1,
          null,
          null,
          null,
          null,
          1,
          null,
          null,
          null,
          null,
          null,
          null,
          null,
          null,
          null,
          null,
          null,
          null,
          null,
          null,
          null,
          null,
          null,
          1,
          null,
          null,
          1,
          null,
          null,
          1,
          1,
          1,
          null,
          1,
          1,
          1,
          1,
          null,
          null,
          null
        ]
      },
      "C:/Users/Camilo D/Desktop/carpeta/entrega-02-shary-camilo/config/environment.rb": {
        "lines": [
          null,
          1,
          null,
          null,
          1
        ]
      },
      "C:/Users/Camilo D/Desktop/carpeta/entrega-02-shary-camilo/config/application.rb": {
        "lines": [
          1,
          null,
          1,
          null,
          null,
          null,
          1,
          null,
          1,
          1,
          null,
          1,
          null,
          null,
          null,
          null,
          null,
          null,
          null,
          null,
          null,
          null
        ]
      },
      "C:/Users/Camilo D/Desktop/carpeta/entrega-02-shary-camilo/config/boot.rb": {
        "lines": [
          1,
          null,
          1,
          1
        ]
      },
      "C:/Users/Camilo D/Desktop/carpeta/entrega-02-shary-camilo/config/environments/test.rb": {
        "lines": [
          1,
          null,
          null,
          null,
          null,
          null,
          null,
          1,
          null,
          null,
          1,
          null,
          null,
          null,
          null,
          1,
          null,
          null,
          1,
          1,
          null,
          null,
          null,
          null,
          1,
          1,
          1,
          null,
          null,
          1,
          null,
          null,
          1,
          null,
          null,
          1,
          null,
          1,
          null,
          null,
          null,
          null,
          1,
          null,
          null,
          1,
          null,
          null,
          1,
          null,
          null,
          1,
          null,
          null,
          null,
          null,
          null,
          null,
          null
        ]
      },
      "C:/Users/Camilo D/Desktop/carpeta/entrega-02-shary-camilo/config/initializers/application_controller_renderer.rb": {
        "lines": [
          null,
          null,
          null,
          null,
          null,
          null,
          null,
          null
        ]
      },
      "C:/Users/Camilo D/Desktop/carpeta/entrega-02-shary-camilo/config/initializers/assets.rb": {
        "lines": [
          null,
          null,
          null,
          1,
          null,
          null,
          null,
          null,
          1,
          null,
          null,
          null,
          null,
          null
        ]
      },
      "C:/Users/Camilo D/Desktop/carpeta/entrega-02-shary-camilo/config/initializers/backtrace_silencers.rb": {
        "lines": [
          null,
          null,
          null,
          null,
          null,
          null,
          null,
          1
        ]
      },
      "C:/Users/Camilo D/Desktop/carpeta/entrega-02-shary-camilo/config/initializers/content_security_policy.rb": {
        "lines": [
          null,
          null,
          null,
          null,
          null,
          null,
          null,
          null,
          null,
          null,
          null,
          null,
          null,
          null,
          null,
          null,
          null,
          null,
          null,
          null,
          null,
          null,
          null,
          null,
          null,
          null,
          null,
          null,
          null,
          null
        ]
      },
      "C:/Users/Camilo D/Desktop/carpeta/entrega-02-shary-camilo/config/initializers/cookies_serializer.rb": {
        "lines": [
          null,
          null,
          null,
          null,
          1
        ]
      },
      "C:/Users/Camilo D/Desktop/carpeta/entrega-02-shary-camilo/config/initializers/customize_error.rb": {
        "lines": [
          1,
          0,
          null,
          0,
          0,
          null,
          0,
          null,
          null
        ]
      },
      "C:/Users/Camilo D/Desktop/carpeta/entrega-02-shary-camilo/config/initializers/devise.rb": {
        "lines": [
          null,
          null,
          null,
          null,
          null,
          null,
          null,
          null,
          null,
          null,
          1,
          null,
          null,
          null,
          null,
          null,
          null,
          null,
          null,
          null,
          null,
          null,
          null,
          null,
          null,
          null,
          1,
          null,
          null,
          null,
          null,
          null,
          null,
          null,
          null,
          null,
          null,
          null,
          1,
          null,
          null,
          null,
          null,
          null,
          null,
          null,
          null,
          null,
          null,
          null,
          null,
          null,
          null,
          null,
          null,
          null,
          null,
          null,
          null,
          null,
          1,
          null,
          null,
          null,
          null,
          1,
          null,
          null,
          null,
          null,
          null,
          null,
          null,
          null,
          null,
          null,
          null,
          null,
          null,
          null,
          null,
          null,
          null,
          null,
          null,
          null,
          null,
          null,
          null,
          null,
          null,
          null,
          null,
          null,
          null,
          null,
          null,
          null,
          null,
          1,
          null,
          null,
          null,
          null,
          null,
          null,
          null,
          null,
          null,
          null,
          null,
          null,
          null,
          null,
          null,
          null,
          null,
          null,
          null,
          null,
          null,
          null,
          null,
          null,
          null,
          1,
          null,
          null,
          null,
          null,
          null,
          null,
          null,
          null,
          null,
          null,
          null,
          null,
          null,
          null,
          null,
          null,
          null,
          null,
          null,
          null,
          null,
          null,
          null,
          null,
          null,
          null,
          null,
          null,
          null,
          null,
          null,
          null,
          null,
          1,
          null,
          null,
          null,
          null,
          null,
          null,
          null,
          null,
          null,
          1,
          null,
          null,
          null,
          null,
          null,
          null,
          null,
          null,
          null,
          null,
          1,
          null,
          null,
          null,
          null,
          1,
          null,
          null,
          null,
          null,
          null,
          null,
          null,
          null,
          null,
          null,
          null,
          null,
          null,
          null,
          null,
          null,
          null,
          null,
          null,
          null,
          null,
          null,
          null,
          null,
          null,
          null,
          null,
          null,
          null,
          null,
          null,
          null,
          null,
          null,
          null,
          null,
          null,
          null,
          null,
          null,
          1,
          null,
          null,
          null,
          null,
          null,
          null,
          null,
          null,
          null,
          null,
          null,
          null,
          null,
          null,
          null,
          null,
          null,
          null,
          null,
          null,
          null,
          null,
          null,
          null,
          null,
          null,
          null,
          null,
          null,
          null,
          null,
          null,
          null,
          null,
          null,
          null,
          null,
          null,
          null,
          null,
          null,
          1,
          null,
          null,
          null,
          null,
          null,
          null,
          null,
          null,
          null,
          null,
          null,
          null,
          null,
          null,
          null,
          null,
          null,
          null,
          null,
          null,
          null,
          null,
          null,
          null,
          null,
          null,
          null,
          null,
          null,
          null,
          null,
          null,
          null,
          null,
          null,
          null,
          null,
          null,
          null,
          null,
          null,
          null
        ]
      },
      "C:/Users/Camilo D/Desktop/carpeta/entrega-02-shary-camilo/config/initializers/filter_parameter_logging.rb": {
        "lines": [
          null,
          null,
          null,
          1,
          null,
          null
        ]
      },
      "C:/Users/Camilo D/Desktop/carpeta/entrega-02-shary-camilo/config/initializers/inflections.rb": {
        "lines": [
          null,
          null,
          null,
          null,
          null,
          null,
          null,
          null,
          null,
          null,
          null,
          null,
          null,
          null,
          null,
          null
        ]
      },
      "C:/Users/Camilo D/Desktop/carpeta/entrega-02-shary-camilo/config/initializers/mime_types.rb": {
        "lines": [
          null,
          null,
          null,
          null
        ]
      },
      "C:/Users/Camilo D/Desktop/carpeta/entrega-02-shary-camilo/config/initializers/permissions_policy.rb": {
        "lines": [
          null,
          null,
          null,
          null,
          null,
          null,
          null,
          null,
          null,
          null,
          null
        ]
      },
      "C:/Users/Camilo D/Desktop/carpeta/entrega-02-shary-camilo/config/initializers/wrap_parameters.rb": {
        "lines": [
          null,
          null,
          null,
          null,
          null,
          null,
          1,
          2,
          null,
          null,
          null,
          null,
          null,
          null
        ]
      },
      "C:/Users/Camilo D/Desktop/carpeta/entrega-02-shary-camilo/spec/factories/profiles.rb": {
        "lines": [
          1,
          1,
          5,
          5,
          null,
          5,
          5,
          null,
          5,
          null,
          null,
          null,
          null
        ]
      },
      "C:/Users/Camilo D/Desktop/carpeta/entrega-02-shary-camilo/spec/factories/users.rb": {
        "lines": [
          1,
          null,
          1,
          27,
          27,
          27,
          27,
          27,
          27,
          27,
          null,
          null,
          null,
          null
        ]
      },
      "C:/Users/Camilo D/Desktop/carpeta/entrega-02-shary-camilo/config/routes.rb": {
        "lines": [
          1,
          1,
          null,
          1,
          null,
          1,
          1,
          null,
          1,
          1,
          1,
          1,
          1,
          1,
          1,
          1,
          1,
          1,
          null,
          null,
          null,
          null,
          1,
          null
        ]
      },
      "C:/Users/Camilo D/Desktop/carpeta/entrega-02-shary-camilo/app/models/user.rb": {
        "lines": [
          1,
          1,
          null,
          null,
          1,
          null,
          null,
          1,
          20,
          null,
          null,
          1,
          1,
          1,
          1,
          null,
          null
        ]
      },
      "C:/Users/Camilo D/Desktop/carpeta/entrega-02-shary-camilo/app/models/application_record.rb": {
        "lines": [
          1,
          1,
          null
        ]
      },
      "C:/Users/Camilo D/Desktop/carpeta/entrega-02-shary-camilo/app/helpers/application_helper.rb": {
        "lines": [
          1,
          null
        ]
      },
      "C:/Users/Camilo D/Desktop/carpeta/entrega-02-shary-camilo/app/helpers/profiles_helper.rb": {
        "lines": [
          1,
          null
        ]
      },
      "C:/Users/Camilo D/Desktop/carpeta/entrega-02-shary-camilo/app/helpers/users_helper.rb": {
        "lines": [
          1,
          null
        ]
      },
      "C:/Users/Camilo D/Desktop/carpeta/entrega-02-shary-camilo/app/controllers/api/v1/hashtag_controller.rb": {
        "lines": [
          1,
          1,
          1,
          1,
          8,
          6,
          6,
          4,
          4,
          4,
          4,
          4,
          null,
          0,
          null,
          null,
          2,
          2,
          null,
          null,
          null,
          2,
          2,
          null,
          null,
          null,
          null,
          1,
          1,
          10,
          null,
          null,
          null,
          null
        ]
      },
      "C:/Users/Camilo D/Desktop/carpeta/entrega-02-shary-camilo/app/controllers/api/v1/api_controller.rb": {
        "lines": [
          1,
          1,
          1,
          null,
          1,
          1,
          1,
          24,
          20,
          20,
          0,
          0,
          0,
          null,
          20,
          null,
          null,
          null,
          1,
          null,
          1,
          16,
          null,
          null,
          null,
          null,
          null,
          null
        ]
      },
      "C:/Users/Camilo D/Desktop/carpeta/entrega-02-shary-camilo/spec/controllers/api/v1/likes_controller_spec.rb": {
        "lines": [
          1,
          null,
          1,
          1,
          3,
          3,
          1,
          null,
          null,
          2,
          2,
          null,
          1,
          1,
          null,
          1,
          1,
          1,
          null,
          null,
          1,
          3,
          3,
          1,
          null,
          null,
          2,
          2,
          2,
          null,
          1,
          1,
          null,
          1,
          1,
          1,
          null,
          null,
          1,
          3,
          1,
          1,
          null,
          null,
          2,
          2,
          null,
          1,
          1,
          null,
          1,
          1,
          1,
          null,
          null,
          null
        ]
      },
      "C:/Users/Camilo D/Desktop/carpeta/entrega-02-shary-camilo/app/controllers/api/v1/likes_controller.rb": {
        "lines": [
          1,
          1,
          1,
          1,
          8,
          6,
          6,
          null,
          null,
          6,
          4,
          null,
          4,
          4,
          null,
          2,
          2,
          2,
          null,
          null,
          null,
          null,
          2,
          2,
          null,
          null,
          null,
          null,
          null
        ]
      },
      "C:/Users/Camilo D/Desktop/carpeta/entrega-02-shary-camilo/spec/controllers/api/v1/messages_controller_spec.rb": {
        "lines": [
          1,
          null,
          1,
          1,
          3,
          3,
          1,
          2,
          null,
          2,
          2,
          null,
          1,
          1,
          null,
          1,
          1,
          1,
          null,
          null,
          null,
          1,
          3,
          3,
          1,
          2,
          2,
          null,
          1,
          1,
          null,
          1,
          1,
          1,
          null,
          null,
          null,
          1,
          3,
          3,
          1,
          2,
          null,
          2,
          2,
          null,
          1,
          1,
          null,
          1,
          1,
          1,
          null,
          null,
          1,
          1,
          3,
          1,
          null,
          null,
          null,
          2,
          null,
          1,
          1,
          null,
          1,
          1,
          1,
          null,
          null,
          null
        ]
      },
      "C:/Users/Camilo D/Desktop/carpeta/entrega-02-shary-camilo/app/controllers/api/v1/messages_controller.rb": {
        "lines": [
          1,
          1,
          1,
          1,
          8,
          6,
          6,
          null,
          null,
          6,
          2,
          2,
          null,
          4,
          4,
          4,
          4,
          2,
          null,
          2,
          2,
          null,
          null,
          null,
          2,
          2,
          null,
          null,
          null,
          null,
          null,
          null,
          null,
          null,
          null
        ]
      },
      "C:/Users/Camilo D/Desktop/carpeta/entrega-02-shary-camilo/spec/models/profile_spec.rb": {
        "lines": [
          null,
          null,
          null,
          null,
          null,
          null,
          null,
          null,
          null,
          null,
          null,
          null,
          null,
          null,
          null,
          null,
          null,
          null,
          null,
          null,
          null,
          null,
          null,
          null,
          null,
          null,
          null,
          null,
          null
        ]
      },
      "C:/Users/Camilo D/Desktop/carpeta/entrega-02-shary-camilo/spec/requests/profile_spec.rb": {
        "lines": [
          null,
          null,
          null,
          null,
          null,
          null,
          null,
          null,
          null,
          null,
          null,
          null,
          null,
          null,
          null,
          null,
          null,
          null,
          null,
          null,
          null,
          null,
          null,
          null,
          null,
          null,
          null,
          null,
          null,
          null,
          null,
          null,
          null,
          null,
          null,
          null
        ]
      },
      "C:/Users/Camilo D/Desktop/carpeta/entrega-02-shary-camilo/app/models/profile.rb": {
        "lines": [
          1,
          null,
          1,
          1,
          1,
          1,
          1,
          1,
          null
        ]
      },
      "C:/Users/Camilo D/Desktop/carpeta/entrega-02-shary-camilo/app/models/like.rb": {
        "lines": [
          1,
          null,
          null
        ]
      },
      "C:/Users/Camilo D/Desktop/carpeta/entrega-02-shary-camilo/app/models/follow.rb": {
        "lines": [
          1,
          null,
          null
        ]
      },
      "C:/Users/Camilo D/Desktop/carpeta/entrega-02-shary-camilo/app/models/message.rb": {
        "lines": [
          1,
          1,
          1,
          null,
          null
        ]
      }
    },
    "timestamp": 1622920578
  }
}
